<?xml version="1.0" encoding="UTF-8"?>
<!-- Generated by org.testng.reporters.JUnitXMLReporter -->
<testsuite ignored="0" hostname="Pranav" failures="2" tests="2" name="Default test" time="23.689" errors="0" timestamp="2025-04-02T20:13:31 IST">
  <testcase classname="io.cucumber.testng.AbstractTestNGCucumberTests" name="runScenario" time="17.003">
    <failure type="java.lang.AssertionError" message="expected [DL6 Technologies] but found [Hardwood Technologies]">
      <![CDATA[java.lang.AssertionError: expected [DL6 Technologies] but found [Hardwood Technologies]
at org.testng.Assert.fail(Assert.java:111)
at org.testng.Assert.failNotEquals(Assert.java:1578)
at org.testng.Assert.assertEqualsImpl(Assert.java:150)
at org.testng.Assert.assertEquals(Assert.java:132)
at org.testng.Assert.assertEquals(Assert.java:656)
at org.testng.Assert.assertEquals(Assert.java:666)
at stepDefinations.Loginpage.i_should_see_the_header(Loginpage.java:63)
at ✽.I should see the "Hardwood Technologies" header(file:///C:/Users/Pranav/eclipse-workspace/elevatecucumber/src/test/java/features/login.feature:7)
]]>
    </failure>
  </testcase> <!-- runScenario -->
  <testcase classname="io.cucumber.testng.AbstractTestNGCucumberTests" name="runScenario" time="6.31">
    <failure type="org.openqa.selenium.ElementClickInterceptedException" message="element click intercepted: Element &amp;lt;circle cx=&amp;quot;12&amp;quot; cy=&amp;quot;12&amp;quot; r=&amp;quot;3&amp;quot;&amp;gt;&amp;lt;/circle&amp;gt; is not clickable at point (1109, 478). Other element would receive the click: &amp;lt;svg xmlns=&amp;quot;http://www.w3.org/2000/svg&amp;quot; width=&amp;quot;16&amp;quot; height=&amp;quot;16&amp;quot; viewBox=&amp;quot;0 0 24 24&amp;quot; fill=&amp;quot;none&amp;quot; stroke=&amp;quot;currentColor&amp;quot; stroke-width=&amp;quot;2&amp;quot; stroke-linecap=&amp;quot;round&amp;quot; stroke-linejoin=&amp;quot;round&amp;quot; class=&amp;quot;lucide lucide-eye&amp;quot;&amp;gt;...&amp;lt;/svg&amp;gt;
  (Session info: chrome=134.0.6998.178)
Build info: version: &amp;apos;4.27.0&amp;apos;, revision: &amp;apos;d6e718d134&amp;apos;
System info: os.name: &amp;apos;Windows 11&amp;apos;, os.arch: &amp;apos;amd64&amp;apos;, os.version: &amp;apos;10.0&amp;apos;, java.version: &amp;apos;21.0.3&amp;apos;
Driver info: org.openqa.selenium.chrome.ChromeDriver
Command: [f363f3143bae743eb0d8ee7807ef6d46, clickElement {id=f.79EF8458535EB54D3FD439CBCCB65E88.d.05F2970FD8F3C63E909E787523358EBF.e.35}]
Capabilities {acceptInsecureCerts: false, browserName: chrome, browserVersion: 134.0.6998.178, chrome: {chromedriverVersion: 134.0.6998.165 (fd886e2cb29..., userDataDir: C:\Users\Pranav\AppData\Loc...}, fedcm:accounts: true, goog:chromeOptions: {debuggerAddress: localhost:65528}, networkConnectionEnabled: false, pageLoadStrategy: normal, platformName: windows, proxy: Proxy(), se:cdp: ws://localhost:65528/devtoo..., se:cdpVersion: 134.0.6998.178, setWindowRect: true, strictFileInteractability: false, timeouts: {implicit: 0, pageLoad: 300000, script: 30000}, unhandledPromptBehavior: dismiss and notify, webauthn:extension:credBlob: true, webauthn:extension:largeBlob: true, webauthn:extension:minPinLength: true, webauthn:extension:prf: true, webauthn:virtualAuthenticators: true}
Element: [[ChromeDriver: chrome on windows (f363f3143bae743eb0d8ee7807ef6d46)] -&amp;gt; xpath: //*[name()=&amp;apos;circle&amp;apos; and contains(@cx,&amp;apos;12&amp;apos;)]]
Session ID: f363f3143bae743eb0d8ee7807ef6d46">
      <![CDATA[org.openqa.selenium.ElementClickInterceptedException: element click intercepted: Element <circle cx="12" cy="12" r="3"></circle> is not clickable at point (1109, 478). Other element would receive the click: <svg xmlns="http://www.w3.org/2000/svg" width="16" height="16" viewBox="0 0 24 24" fill="none" stroke="currentColor" stroke-width="2" stroke-linecap="round" stroke-linejoin="round" class="lucide lucide-eye">...</svg>
  (Session info: chrome=134.0.6998.178)
Build info: version: '4.27.0', revision: 'd6e718d134'
System info: os.name: 'Windows 11', os.arch: 'amd64', os.version: '10.0', java.version: '21.0.3'
Driver info: org.openqa.selenium.chrome.ChromeDriver
Command: [f363f3143bae743eb0d8ee7807ef6d46, clickElement {id=f.79EF8458535EB54D3FD439CBCCB65E88.d.05F2970FD8F3C63E909E787523358EBF.e.35}]
Capabilities {acceptInsecureCerts: false, browserName: chrome, browserVersion: 134.0.6998.178, chrome: {chromedriverVersion: 134.0.6998.165 (fd886e2cb29..., userDataDir: C:\Users\Pranav\AppData\Loc...}, fedcm:accounts: true, goog:chromeOptions: {debuggerAddress: localhost:65528}, networkConnectionEnabled: false, pageLoadStrategy: normal, platformName: windows, proxy: Proxy(), se:cdp: ws://localhost:65528/devtoo..., se:cdpVersion: 134.0.6998.178, setWindowRect: true, strictFileInteractability: false, timeouts: {implicit: 0, pageLoad: 300000, script: 30000}, unhandledPromptBehavior: dismiss and notify, webauthn:extension:credBlob: true, webauthn:extension:largeBlob: true, webauthn:extension:minPinLength: true, webauthn:extension:prf: true, webauthn:virtualAuthenticators: true}
Element: [[ChromeDriver: chrome on windows (f363f3143bae743eb0d8ee7807ef6d46)] -> xpath: //*[name()='circle' and contains(@cx,'12')]]
Session ID: f363f3143bae743eb0d8ee7807ef6d46
at java.base/jdk.internal.reflect.DirectConstructorHandleAccessor.newInstance(DirectConstructorHandleAccessor.java:62)
at java.base/java.lang.reflect.Constructor.newInstanceWithCaller(Constructor.java:502)
at java.base/java.lang.reflect.Constructor.newInstance(Constructor.java:486)
at org.openqa.selenium.remote.ErrorCodec.decode(ErrorCodec.java:167)
at org.openqa.selenium.remote.codec.w3c.W3CHttpResponseCodec.decode(W3CHttpResponseCodec.java:138)
at org.openqa.selenium.remote.codec.w3c.W3CHttpResponseCodec.decode(W3CHttpResponseCodec.java:50)
at org.openqa.selenium.remote.HttpCommandExecutor.execute(HttpCommandExecutor.java:190)
at org.openqa.selenium.remote.service.DriverCommandExecutor.invokeExecute(DriverCommandExecutor.java:216)
at org.openqa.selenium.remote.service.DriverCommandExecutor.execute(DriverCommandExecutor.java:174)
at org.openqa.selenium.remote.RemoteWebDriver.execute(RemoteWebDriver.java:545)
at org.openqa.selenium.remote.RemoteWebElement.execute(RemoteWebElement.java:223)
at org.openqa.selenium.remote.RemoteWebElement.click(RemoteWebElement.java:76)
at stepDefinations.Loginpage.i_click_on_the_eye_icon_in_the_password_field(Loginpage.java:133)
at ✽.I click on the "eye icon" in the password field(file:///C:/Users/Pranav/eclipse-workspace/elevatecucumber/src/test/java/features/login.feature:22)
]]>
    </failure>
  </testcase> <!-- runScenario -->
</testsuite> <!-- Default test -->
